/*C1*/SET SCHEMA SYSTEM_LOBS
INSERT INTO BLOCKS VALUES(0,2147483647,0)
COMMIT
/*C2*/SET SCHEMA PUBLIC
CREATE TABLE recorded_instance (instanceId varchar(256) primary key, directory varchar(4096))
INSERT INTO RECORDED_INSTANCE VALUES('uuid:4f116c8a-cf13-4e92-b11a-0a8c57e4af10','instances\u005cuuid4f116c8a-cf13-4e92-b11a-0a8c57e4af10')
COMMIT
INSERT INTO RECORDED_INSTANCE VALUES('uuid:83f6d0f5-c0d6-4b49-988e-a10358704349','instances\u005cuuid83f6d0f5-c0d6-4b49-988e-a10358704349')
COMMIT
INSERT INTO RECORDED_INSTANCE VALUES('uuid:d4e41a9c-333d-4f2c-acf5-97530b1681c6','instances\u005cuuidd4e41a9c-333d-4f2c-acf5-97530b1681c6')
COMMIT
INSERT INTO RECORDED_INSTANCE VALUES('uuid:658f245a-1ac2-4dea-8061-b9a69f706a90','instances\u005cuuid658f245a-1ac2-4dea-8061-b9a69f706a90')
COMMIT
INSERT INTO RECORDED_INSTANCE VALUES('uuid:586c4270-86be-4d34-a5c4-6e6b502c6e40','instances\u005cuuid586c4270-86be-4d34-a5c4-6e6b502c6e40')
COMMIT
INSERT INTO RECORDED_INSTANCE VALUES('uuid:bcdecf1b-c192-4e7e-99af-48e825260874','instances\u005cuuidbcdecf1b-c192-4e7e-99af-48e825260874')
COMMIT
INSERT INTO RECORDED_INSTANCE VALUES('uuid:2f7fe32e-d945-4930-a253-faf2358c1e8e','instances\u005cuuid2f7fe32e-d945-4930-a253-faf2358c1e8e')
COMMIT
INSERT INTO RECORDED_INSTANCE VALUES('uuid:68d3531e-6201-49f8-8485-b9265bd1003d','instances\u005cuuid68d3531e-6201-49f8-8485-b9265bd1003d')
COMMIT
INSERT INTO RECORDED_INSTANCE VALUES('uuid:24ab33bf-8fcc-4687-b071-579341e10cf7','instances\u005cuuid24ab33bf-8fcc-4687-b071-579341e10cf7')
COMMIT
INSERT INTO RECORDED_INSTANCE VALUES('uuid:f03f294c-1762-4bb9-a06a-d5106081fb3b','instances\u005cuuidf03f294c-1762-4bb9-a06a-d5106081fb3b')
COMMIT
INSERT INTO RECORDED_INSTANCE VALUES('uuid:cd0390eb-45ba-438e-9397-e19cfb08eb18','instances\u005cuuidcd0390eb-45ba-438e-9397-e19cfb08eb18')
COMMIT
INSERT INTO RECORDED_INSTANCE VALUES('uuid:a562122a-ecaa-4721-83ab-445cefc599ea','instances\u005cuuida562122a-ecaa-4721-83ab-445cefc599ea')
COMMIT
INSERT INTO RECORDED_INSTANCE VALUES('uuid:29250651-63e8-4e5d-aaa2-1be92b064f9e','instances\u005cuuid29250651-63e8-4e5d-aaa2-1be92b064f9e')
COMMIT
INSERT INTO RECORDED_INSTANCE VALUES('uuid:ab349cc3-ded3-4e16-9ba6-dd9c1f632e51','instances\u005cuuidab349cc3-ded3-4e16-9ba6-dd9c1f632e51')
COMMIT
INSERT INTO RECORDED_INSTANCE VALUES('uuid:e61df601-8fe4-4696-83a8-387334b0d0e0','instances\u005cuuide61df601-8fe4-4696-83a8-387334b0d0e0')
COMMIT
INSERT INTO RECORDED_INSTANCE VALUES('uuid:f5c67940-9005-4d17-93b4-926189659570','instances\u005cuuidf5c67940-9005-4d17-93b4-926189659570')
COMMIT
INSERT INTO RECORDED_INSTANCE VALUES('uuid:d24561ad-59a2-4ccc-acc4-ebaa0c11f61c','instances\u005cuuidd24561ad-59a2-4ccc-acc4-ebaa0c11f61c')
COMMIT
INSERT INTO RECORDED_INSTANCE VALUES('uuid:6bb75468-3072-4782-9b5f-6a61f3c61345','instances\u005cuuid6bb75468-3072-4782-9b5f-6a61f3c61345')
COMMIT
INSERT INTO RECORDED_INSTANCE VALUES('uuid:73b6cd03-fbe5-4dde-91f6-9fa3b8d86a09','instances\u005cuuid73b6cd03-fbe5-4dde-91f6-9fa3b8d86a09')
COMMIT
INSERT INTO RECORDED_INSTANCE VALUES('uuid:64e3f7eb-7017-4a9d-84ac-a5c72962870b','instances\u005cuuid64e3f7eb-7017-4a9d-84ac-a5c72962870b')
COMMIT
INSERT INTO RECORDED_INSTANCE VALUES('uuid:f4ac8546-77cd-4fdd-b27b-0a2d56414b70','instances\u005cuuidf4ac8546-77cd-4fdd-b27b-0a2d56414b70')
COMMIT
INSERT INTO RECORDED_INSTANCE VALUES('uuid:e695a53b-7991-4186-a1f2-2868656b205f','instances\u005cuuide695a53b-7991-4186-a1f2-2868656b205f')
COMMIT
INSERT INTO RECORDED_INSTANCE VALUES('uuid:1e99802f-350d-405b-8670-a20a05352893','instances\u005cuuid1e99802f-350d-405b-8670-a20a05352893')
COMMIT
INSERT INTO RECORDED_INSTANCE VALUES('uuid:84ff8c3c-080c-4b82-bf55-7aa0c47c2599','instances\u005cuuid84ff8c3c-080c-4b82-bf55-7aa0c47c2599')
COMMIT
INSERT INTO RECORDED_INSTANCE VALUES('uuid:d990fe89-c59a-408a-ac67-3e5b070600a8','instances\u005cuuidd990fe89-c59a-408a-ac67-3e5b070600a8')
COMMIT
INSERT INTO RECORDED_INSTANCE VALUES('uuid:78225c3d-e570-400e-82a5-5a384e9cf0b8','instances\u005cuuid78225c3d-e570-400e-82a5-5a384e9cf0b8')
COMMIT
INSERT INTO RECORDED_INSTANCE VALUES('uuid:5f18b1fa-d2f3-413f-89ca-62ed9a39fafd','instances\u005cuuid5f18b1fa-d2f3-413f-89ca-62ed9a39fafd')
COMMIT
INSERT INTO RECORDED_INSTANCE VALUES('uuid:283ded85-6e09-4b61-8ed5-3a24f8dc21ed','instances\u005cuuid283ded85-6e09-4b61-8ed5-3a24f8dc21ed')
COMMIT
INSERT INTO RECORDED_INSTANCE VALUES('uuid:f754879d-b692-497e-b19b-d1a77cee3f43','instances\u005cuuidf754879d-b692-497e-b19b-d1a77cee3f43')
COMMIT
INSERT INTO RECORDED_INSTANCE VALUES('uuid:bb9d5ca0-3540-433c-9bc1-b426f50b97ec','instances\u005cuuidbb9d5ca0-3540-433c-9bc1-b426f50b97ec')
COMMIT
INSERT INTO RECORDED_INSTANCE VALUES('uuid:4e879c8d-f89e-4608-a357-9dfb67733529','instances\u005cuuid4e879c8d-f89e-4608-a357-9dfb67733529')
COMMIT
INSERT INTO RECORDED_INSTANCE VALUES('uuid:0e4525dd-8e85-4e49-a22b-398a25b69dbd','instances\u005cuuid0e4525dd-8e85-4e49-a22b-398a25b69dbd')
COMMIT
INSERT INTO RECORDED_INSTANCE VALUES('uuid:c1d481f8-edb4-407c-8ab6-8373d3e8b095','instances\u005cuuidc1d481f8-edb4-407c-8ab6-8373d3e8b095')
COMMIT
INSERT INTO RECORDED_INSTANCE VALUES('uuid:a4ce11c3-6177-4892-b1d5-9650da325914','instances\u005cuuida4ce11c3-6177-4892-b1d5-9650da325914')
COMMIT
INSERT INTO RECORDED_INSTANCE VALUES('uuid:05e81962-086c-47b8-bf7c-38bd610b84d0','instances\u005cuuid05e81962-086c-47b8-bf7c-38bd610b84d0')
COMMIT
INSERT INTO RECORDED_INSTANCE VALUES('uuid:89038c69-9648-4503-b7e6-af9b88df5b64','instances\u005cuuid89038c69-9648-4503-b7e6-af9b88df5b64')
COMMIT
INSERT INTO RECORDED_INSTANCE VALUES('uuid:66c1d557-b23c-4fad-b9ad-dc7c9d1a3de5','instances\u005cuuid66c1d557-b23c-4fad-b9ad-dc7c9d1a3de5')
COMMIT
INSERT INTO RECORDED_INSTANCE VALUES('uuid:05ce707a-f4f7-4449-9118-0bcbba54a44f','instances\u005cuuid05ce707a-f4f7-4449-9118-0bcbba54a44f')
COMMIT
INSERT INTO RECORDED_INSTANCE VALUES('uuid:34c53ee9-2c76-433e-8b97-2ed2c824f674','instances\u005cuuid34c53ee9-2c76-433e-8b97-2ed2c824f674')
COMMIT
INSERT INTO RECORDED_INSTANCE VALUES('uuid:1a2033a9-2584-43b4-9150-be205df5a2fc','instances\u005cuuid1a2033a9-2584-43b4-9150-be205df5a2fc')
COMMIT
INSERT INTO RECORDED_INSTANCE VALUES('uuid:3929d050-b6c5-4d0f-aeff-e63a2884ffb5','instances\u005cuuid3929d050-b6c5-4d0f-aeff-e63a2884ffb5')
COMMIT
INSERT INTO RECORDED_INSTANCE VALUES('uuid:7d48ad38-dafe-41ac-b796-1796d193d928','instances\u005cuuid7d48ad38-dafe-41ac-b796-1796d193d928')
COMMIT
INSERT INTO RECORDED_INSTANCE VALUES('uuid:ca705427-8dfd-4d42-acdf-518b58937a30','instances\u005cuuidca705427-8dfd-4d42-acdf-518b58937a30')
COMMIT
INSERT INTO RECORDED_INSTANCE VALUES('uuid:525faea8-20c4-4014-bec0-a45d1072da2e','instances\u005cuuid525faea8-20c4-4014-bec0-a45d1072da2e')
COMMIT
INSERT INTO RECORDED_INSTANCE VALUES('uuid:ee47e1dc-39a1-46bc-b1a5-534070fb565f','instances\u005cuuidee47e1dc-39a1-46bc-b1a5-534070fb565f')
COMMIT
INSERT INTO RECORDED_INSTANCE VALUES('uuid:db4b4a51-754b-4108-9717-969e1318b012','instances\u005cuuiddb4b4a51-754b-4108-9717-969e1318b012')
COMMIT
INSERT INTO RECORDED_INSTANCE VALUES('uuid:6336cb8f-7383-48d7-90b8-959a53852c45','instances\u005cuuid6336cb8f-7383-48d7-90b8-959a53852c45')
COMMIT
INSERT INTO RECORDED_INSTANCE VALUES('uuid:dd0a9bec-021a-467d-95fb-47dbd75dbe84','instances\u005cuuiddd0a9bec-021a-467d-95fb-47dbd75dbe84')
COMMIT
INSERT INTO RECORDED_INSTANCE VALUES('uuid:5e3205b2-cc27-4282-9a46-fe9215da655b','instances\u005cuuid5e3205b2-cc27-4282-9a46-fe9215da655b')
COMMIT
INSERT INTO RECORDED_INSTANCE VALUES('uuid:ade4a39b-f70f-4239-a2ac-b7d0cdab6f1f','instances\u005cuuidade4a39b-f70f-4239-a2ac-b7d0cdab6f1f')
COMMIT
INSERT INTO RECORDED_INSTANCE VALUES('uuid:7371504f-a257-49b6-9ccc-bf421751b005','instances\u005cuuid7371504f-a257-49b6-9ccc-bf421751b005')
COMMIT
INSERT INTO RECORDED_INSTANCE VALUES('uuid:f0c187a3-563b-4f5f-bb5d-e41b7766db0d','instances\u005cuuidf0c187a3-563b-4f5f-bb5d-e41b7766db0d')
COMMIT
INSERT INTO RECORDED_INSTANCE VALUES('uuid:b4619506-1907-4380-b842-5a8604b6200a','instances\u005cuuidb4619506-1907-4380-b842-5a8604b6200a')
COMMIT
INSERT INTO RECORDED_INSTANCE VALUES('uuid:5597f5da-5074-4faa-9adc-1a8e3ead434c','instances\u005cuuid5597f5da-5074-4faa-9adc-1a8e3ead434c')
COMMIT
INSERT INTO RECORDED_INSTANCE VALUES('uuid:77a76ee0-e328-4028-a458-a308f4df6bcf','instances\u005cuuid77a76ee0-e328-4028-a458-a308f4df6bcf')
COMMIT
INSERT INTO RECORDED_INSTANCE VALUES('uuid:fb934211-c672-4cb4-ae77-eab075d3124f','instances\u005cuuidfb934211-c672-4cb4-ae77-eab075d3124f')
COMMIT
INSERT INTO RECORDED_INSTANCE VALUES('uuid:2cb5d9ba-d0d9-4694-8d10-424fd5441c4d','instances\u005cuuid2cb5d9ba-d0d9-4694-8d10-424fd5441c4d')
COMMIT
INSERT INTO RECORDED_INSTANCE VALUES('uuid:886e6f5f-7810-4aae-830d-c6933a905fa8','instances\u005cuuid886e6f5f-7810-4aae-830d-c6933a905fa8')
COMMIT
INSERT INTO RECORDED_INSTANCE VALUES('uuid:78d36764-fb56-451d-8aac-2e4b3de3b5d8','instances\u005cuuid78d36764-fb56-451d-8aac-2e4b3de3b5d8')
COMMIT
INSERT INTO RECORDED_INSTANCE VALUES('uuid:7a00fa44-1054-4122-8575-9e3aed2967a3','instances\u005cuuid7a00fa44-1054-4122-8575-9e3aed2967a3')
COMMIT
INSERT INTO RECORDED_INSTANCE VALUES('uuid:54f92263-a220-44cc-acac-661a9e97c3ec','instances\u005cuuid54f92263-a220-44cc-acac-661a9e97c3ec')
COMMIT
INSERT INTO RECORDED_INSTANCE VALUES('uuid:9bfbf561-4cdf-45c2-bda6-ccf3d4bf3fa5','instances\u005cuuid9bfbf561-4cdf-45c2-bda6-ccf3d4bf3fa5')
COMMIT
INSERT INTO RECORDED_INSTANCE VALUES('uuid:0c858511-8e18-4678-91bb-96414b5f1519','instances\u005cuuid0c858511-8e18-4678-91bb-96414b5f1519')
COMMIT
INSERT INTO RECORDED_INSTANCE VALUES('uuid:16134773-4788-411a-be13-2cfc19901cb1','instances\u005cuuid16134773-4788-411a-be13-2cfc19901cb1')
COMMIT
INSERT INTO RECORDED_INSTANCE VALUES('uuid:c0ba15d2-7277-4fbc-a188-5653930a488c','instances\u005cuuidc0ba15d2-7277-4fbc-a188-5653930a488c')
COMMIT
INSERT INTO RECORDED_INSTANCE VALUES('uuid:77c62120-feec-4a2c-b772-0d2e02352ee5','instances\u005cuuid77c62120-feec-4a2c-b772-0d2e02352ee5')
COMMIT
INSERT INTO RECORDED_INSTANCE VALUES('uuid:eb7c9b10-9cf5-4be4-83d8-40fbc252c1bc','instances\u005cuuideb7c9b10-9cf5-4be4-83d8-40fbc252c1bc')
COMMIT
INSERT INTO RECORDED_INSTANCE VALUES('uuid:7f37bc96-999b-4999-9e58-a31f8bd4786f','instances\u005cuuid7f37bc96-999b-4999-9e58-a31f8bd4786f')
COMMIT
INSERT INTO RECORDED_INSTANCE VALUES('uuid:eca37e51-bd82-485e-9b2e-b2af8d490ca6','instances\u005cuuideca37e51-bd82-485e-9b2e-b2af8d490ca6')
COMMIT
INSERT INTO RECORDED_INSTANCE VALUES('uuid:3016729b-d1b5-4835-8c2f-d7c7632f17f7','instances\u005cuuid3016729b-d1b5-4835-8c2f-d7c7632f17f7')
COMMIT
INSERT INTO RECORDED_INSTANCE VALUES('uuid:b4e6ad74-a414-46d5-b643-2582553eb408','instances\u005cuuidb4e6ad74-a414-46d5-b643-2582553eb408')
COMMIT
INSERT INTO RECORDED_INSTANCE VALUES('uuid:2beb3c56-0339-470d-847e-ed66792b3f2c','instances\u005cuuid2beb3c56-0339-470d-847e-ed66792b3f2c')
COMMIT
INSERT INTO RECORDED_INSTANCE VALUES('uuid:c4acebac-4e76-421a-9df4-8f2136998b9a','instances\u005cuuidc4acebac-4e76-421a-9df4-8f2136998b9a')
COMMIT
INSERT INTO RECORDED_INSTANCE VALUES('uuid:98607bbf-2713-483f-a271-e7d541a0a16f','instances\u005cuuid98607bbf-2713-483f-a271-e7d541a0a16f')
COMMIT
INSERT INTO RECORDED_INSTANCE VALUES('uuid:1f1fc7e2-87fb-4b62-adf0-99baeb5c375e','instances\u005cuuid1f1fc7e2-87fb-4b62-adf0-99baeb5c375e')
COMMIT
INSERT INTO RECORDED_INSTANCE VALUES('uuid:68f817a9-4d6c-490c-8d4f-a642221e12d5','instances\u005cuuid68f817a9-4d6c-490c-8d4f-a642221e12d5')
COMMIT
INSERT INTO RECORDED_INSTANCE VALUES('uuid:bdb873d7-8947-4eca-8d75-fe4b0bafe584','instances\u005cuuidbdb873d7-8947-4eca-8d75-fe4b0bafe584')
COMMIT
INSERT INTO RECORDED_INSTANCE VALUES('uuid:6e36220b-46b6-404a-bad2-f81b5290c86c','instances\u005cuuid6e36220b-46b6-404a-bad2-f81b5290c86c')
COMMIT
INSERT INTO RECORDED_INSTANCE VALUES('uuid:8e18d565-7e18-4be6-9262-aa05adb25eba','instances\u005cuuid8e18d565-7e18-4be6-9262-aa05adb25eba')
COMMIT
INSERT INTO RECORDED_INSTANCE VALUES('uuid:0d41b246-741f-4f73-9072-94f2f7cb5334','instances\u005cuuid0d41b246-741f-4f73-9072-94f2f7cb5334')
COMMIT
INSERT INTO RECORDED_INSTANCE VALUES('uuid:91ffad12-566b-4eea-b37e-34a43bbeb5fb','instances\u005cuuid91ffad12-566b-4eea-b37e-34a43bbeb5fb')
COMMIT
INSERT INTO RECORDED_INSTANCE VALUES('uuid:19b5f07c-e721-4f00-a22a-93671ce9677c','instances\u005cuuid19b5f07c-e721-4f00-a22a-93671ce9677c')
COMMIT
INSERT INTO RECORDED_INSTANCE VALUES('uuid:e4418d64-888c-4bb2-9872-1e8a0626027f','instances\u005cuuide4418d64-888c-4bb2-9872-1e8a0626027f')
COMMIT
INSERT INTO RECORDED_INSTANCE VALUES('uuid:660f6071-a06e-49f8-a818-379ad8aaf778','instances\u005cuuid660f6071-a06e-49f8-a818-379ad8aaf778')
COMMIT
INSERT INTO RECORDED_INSTANCE VALUES('uuid:869936ba-af2f-4f06-b902-adcf44cf2be9','instances\u005cuuid869936ba-af2f-4f06-b902-adcf44cf2be9')
COMMIT
INSERT INTO RECORDED_INSTANCE VALUES('uuid:96fb8890-3e5f-44c7-81a9-117335055ad1','instances\u005cuuid96fb8890-3e5f-44c7-81a9-117335055ad1')
COMMIT
INSERT INTO RECORDED_INSTANCE VALUES('uuid:931c6cd5-cd83-444c-a6a6-1dbc630161d2','instances\u005cuuid931c6cd5-cd83-444c-a6a6-1dbc630161d2')
COMMIT
INSERT INTO RECORDED_INSTANCE VALUES('uuid:e24019b6-4405-42b0-b1d5-2c56ce60cea4','instances\u005cuuide24019b6-4405-42b0-b1d5-2c56ce60cea4')
COMMIT
INSERT INTO RECORDED_INSTANCE VALUES('uuid:506b2b14-0a5d-4902-99f2-cf516f8a161a','instances\u005cuuid506b2b14-0a5d-4902-99f2-cf516f8a161a')
COMMIT
INSERT INTO RECORDED_INSTANCE VALUES('uuid:8eef6447-bc4c-458c-8157-1c4cebb17d7d','instances\u005cuuid8eef6447-bc4c-458c-8157-1c4cebb17d7d')
COMMIT
INSERT INTO RECORDED_INSTANCE VALUES('uuid:133af85d-0eda-467a-8a7e-e578387561d2','instances\u005cuuid133af85d-0eda-467a-8a7e-e578387561d2')
COMMIT
INSERT INTO RECORDED_INSTANCE VALUES('uuid:420e8841-4691-4301-9d30-8af01a5180cf','instances\u005cuuid420e8841-4691-4301-9d30-8af01a5180cf')
COMMIT
INSERT INTO RECORDED_INSTANCE VALUES('uuid:64c05ad2-839f-46c9-a0be-2e6f42cda122','instances\u005cuuid64c05ad2-839f-46c9-a0be-2e6f42cda122')
COMMIT
INSERT INTO RECORDED_INSTANCE VALUES('uuid:1137329a-535b-43c2-a5f7-df7117f117c4','instances\u005cuuid1137329a-535b-43c2-a5f7-df7117f117c4')
COMMIT
INSERT INTO RECORDED_INSTANCE VALUES('uuid:162e0cd7-5d05-42fe-b389-632cfb7bd634','instances\u005cuuid162e0cd7-5d05-42fe-b389-632cfb7bd634')
COMMIT
INSERT INTO RECORDED_INSTANCE VALUES('uuid:a4b9582d-684c-44ea-86a6-a351da4ce250','instances\u005cuuida4b9582d-684c-44ea-86a6-a351da4ce250')
COMMIT
INSERT INTO RECORDED_INSTANCE VALUES('uuid:96e77019-cceb-4ab3-8a69-e631d2d66887','instances\u005cuuid96e77019-cceb-4ab3-8a69-e631d2d66887')
COMMIT
INSERT INTO RECORDED_INSTANCE VALUES('uuid:07c184da-4c2c-4af8-8837-0468199fd67f','instances\u005cuuid07c184da-4c2c-4af8-8837-0468199fd67f')
COMMIT
INSERT INTO RECORDED_INSTANCE VALUES('uuid:b13abec7-1bcb-4a04-9606-fdbdabb8cf42','instances\u005cuuidb13abec7-1bcb-4a04-9606-fdbdabb8cf42')
COMMIT
INSERT INTO RECORDED_INSTANCE VALUES('uuid:ee19bd24-8b58-46d1-9ad7-8f12d39445ef','instances\u005cuuidee19bd24-8b58-46d1-9ad7-8f12d39445ef')
COMMIT
INSERT INTO RECORDED_INSTANCE VALUES('uuid:acd83166-33f7-40bf-a8f5-d5ffb0aeb23a','instances\u005cuuidacd83166-33f7-40bf-a8f5-d5ffb0aeb23a')
COMMIT
INSERT INTO RECORDED_INSTANCE VALUES('uuid:de8aa291-08b3-4284-befa-eb4ccc73718f','instances\u005cuuidde8aa291-08b3-4284-befa-eb4ccc73718f')
COMMIT
INSERT INTO RECORDED_INSTANCE VALUES('uuid:2753c533-dd07-40a5-9f85-195be5398f6f','instances\u005cuuid2753c533-dd07-40a5-9f85-195be5398f6f')
COMMIT
INSERT INTO RECORDED_INSTANCE VALUES('uuid:429b5448-a726-4f7d-b85a-33a29a7dc661','instances\u005cuuid429b5448-a726-4f7d-b85a-33a29a7dc661')
COMMIT
INSERT INTO RECORDED_INSTANCE VALUES('uuid:e9ef34b2-985e-4668-b9fa-4bc864bae68c','instances\u005cuuide9ef34b2-985e-4668-b9fa-4bc864bae68c')
COMMIT
INSERT INTO RECORDED_INSTANCE VALUES('uuid:768374ac-2f43-44db-b828-5a3735438e44','instances\u005cuuid768374ac-2f43-44db-b828-5a3735438e44')
COMMIT
INSERT INTO RECORDED_INSTANCE VALUES('uuid:2466db2a-c81a-4866-a2b6-3d5015cb2d47','instances\u005cuuid2466db2a-c81a-4866-a2b6-3d5015cb2d47')
COMMIT
INSERT INTO RECORDED_INSTANCE VALUES('uuid:f1c0b845-d56e-4ccd-8c6f-5a6b5b0bb6f9','instances\u005cuuidf1c0b845-d56e-4ccd-8c6f-5a6b5b0bb6f9')
COMMIT
INSERT INTO RECORDED_INSTANCE VALUES('uuid:1cc437bf-837f-439c-be12-4264fab4a56b','instances\u005cuuid1cc437bf-837f-439c-be12-4264fab4a56b')
COMMIT
INSERT INTO RECORDED_INSTANCE VALUES('uuid:35608480-9c29-4aed-808e-96a48ca89c4e','instances\u005cuuid35608480-9c29-4aed-808e-96a48ca89c4e')
COMMIT
INSERT INTO RECORDED_INSTANCE VALUES('uuid:ce2f20ac-6f1b-44b0-a1ac-7990de95b055','instances\u005cuuidce2f20ac-6f1b-44b0-a1ac-7990de95b055')
COMMIT
INSERT INTO RECORDED_INSTANCE VALUES('uuid:698e5c54-907b-4823-b845-b8df30ac1c31','instances\u005cuuid698e5c54-907b-4823-b845-b8df30ac1c31')
COMMIT
INSERT INTO RECORDED_INSTANCE VALUES('uuid:236ea6dd-4345-4d66-970b-f5bee23a0eb0','instances\u005cuuid236ea6dd-4345-4d66-970b-f5bee23a0eb0')
COMMIT
INSERT INTO RECORDED_INSTANCE VALUES('uuid:7374c642-0f0b-4f40-a45e-f085a04708c4','instances\u005cuuid7374c642-0f0b-4f40-a45e-f085a04708c4')
COMMIT
DISCONNECT
