/*C5*/SET SCHEMA PUBLIC
DISCONNECT
/*C6*/SET SCHEMA PUBLIC
INSERT INTO RECORDED_INSTANCE VALUES('uuid:777442a0-50b0-4c66-824d-5d826884c7ef','instances\u005cuuid777442a0-50b0-4c66-824d-5d826884c7ef')
COMMIT
INSERT INTO RECORDED_INSTANCE VALUES('uuid:34fbfe8e-6ec2-45ba-b3b9-b450147ed54a','instances\u005cuuid34fbfe8e-6ec2-45ba-b3b9-b450147ed54a')
COMMIT
INSERT INTO RECORDED_INSTANCE VALUES('uuid:b7031786-56f8-4a27-98e9-c0018f8d4773','instances\u005cuuidb7031786-56f8-4a27-98e9-c0018f8d4773')
COMMIT
INSERT INTO RECORDED_INSTANCE VALUES('uuid:9ed63468-24bc-41dd-af71-d8efd93d9ecb','instances\u005cuuid9ed63468-24bc-41dd-af71-d8efd93d9ecb')
COMMIT
INSERT INTO RECORDED_INSTANCE VALUES('uuid:d61b4e4b-946c-405e-8419-4c0a18eb3f28','instances\u005cuuidd61b4e4b-946c-405e-8419-4c0a18eb3f28')
COMMIT
INSERT INTO RECORDED_INSTANCE VALUES('uuid:c2209bd7-1fec-4158-bbde-1db408cbec40','instances\u005cuuidc2209bd7-1fec-4158-bbde-1db408cbec40')
COMMIT
INSERT INTO RECORDED_INSTANCE VALUES('uuid:f2a71822-1da6-4460-bb7e-0821cf88e5ee','instances\u005cuuidf2a71822-1da6-4460-bb7e-0821cf88e5ee')
COMMIT
INSERT INTO RECORDED_INSTANCE VALUES('uuid:e84859ea-8cbf-42f7-82e3-28b4cd451d6d','instances\u005cuuide84859ea-8cbf-42f7-82e3-28b4cd451d6d')
COMMIT
INSERT INTO RECORDED_INSTANCE VALUES('uuid:ac360f25-8e3d-4f04-aea7-d15f42086546','instances\u005cuuidac360f25-8e3d-4f04-aea7-d15f42086546')
COMMIT
INSERT INTO RECORDED_INSTANCE VALUES('uuid:b4a2940c-0ec6-48a9-9391-100dada34c80','instances\u005cuuidb4a2940c-0ec6-48a9-9391-100dada34c80')
COMMIT
INSERT INTO RECORDED_INSTANCE VALUES('uuid:8443487e-d5fc-449e-bb52-381ad91ddc45','instances\u005cuuid8443487e-d5fc-449e-bb52-381ad91ddc45')
COMMIT
INSERT INTO RECORDED_INSTANCE VALUES('uuid:ec1b0d03-fe6b-4259-99d7-279f0f87893b','instances\u005cuuidec1b0d03-fe6b-4259-99d7-279f0f87893b')
COMMIT
INSERT INTO RECORDED_INSTANCE VALUES('uuid:cfe71430-d430-4a1d-99b6-fccedb95d9fe','instances\u005cuuidcfe71430-d430-4a1d-99b6-fccedb95d9fe')
COMMIT
INSERT INTO RECORDED_INSTANCE VALUES('uuid:ebca9fc2-6759-4d14-9922-3ca986d5151e','instances\u005cuuidebca9fc2-6759-4d14-9922-3ca986d5151e')
COMMIT
INSERT INTO RECORDED_INSTANCE VALUES('uuid:31cf922d-bcb7-4f40-8022-1d5744f86f7b','instances\u005cuuid31cf922d-bcb7-4f40-8022-1d5744f86f7b')
COMMIT
INSERT INTO RECORDED_INSTANCE VALUES('uuid:0f831604-bdf6-4b44-8fce-a80f24608900','instances\u005cuuid0f831604-bdf6-4b44-8fce-a80f24608900')
COMMIT
INSERT INTO RECORDED_INSTANCE VALUES('uuid:259cc7dc-8cc4-4fcf-9dac-da6f276ed6e9','instances\u005cuuid259cc7dc-8cc4-4fcf-9dac-da6f276ed6e9')
COMMIT
INSERT INTO RECORDED_INSTANCE VALUES('uuid:acb40b42-fb37-47d1-8a4b-e2ca11ca1048','instances\u005cuuidacb40b42-fb37-47d1-8a4b-e2ca11ca1048')
COMMIT
INSERT INTO RECORDED_INSTANCE VALUES('uuid:deb50f25-5f12-4200-b497-79983e3ae9a0','instances\u005cuuiddeb50f25-5f12-4200-b497-79983e3ae9a0')
COMMIT
INSERT INTO RECORDED_INSTANCE VALUES('uuid:a136cb2a-0893-4e6d-98c2-edd6ad88d907','instances\u005cuuida136cb2a-0893-4e6d-98c2-edd6ad88d907')
COMMIT
INSERT INTO RECORDED_INSTANCE VALUES('uuid:73377674-e5df-4284-84ac-fafedf7894bc','instances\u005cuuid73377674-e5df-4284-84ac-fafedf7894bc')
COMMIT
DISCONNECT
