/*C1*/SET SCHEMA SYSTEM_LOBS
INSERT INTO BLOCKS VALUES(0,2147483647,0)
COMMIT
/*C2*/SET SCHEMA PUBLIC
CREATE TABLE recorded_instance (instanceId varchar(256) primary key, directory varchar(4096))
INSERT INTO RECORDED_INSTANCE VALUES('uuid:138c6b7d-283b-4119-b563-71bd8a1de7aa','instances\u005cuuid138c6b7d-283b-4119-b563-71bd8a1de7aa')
COMMIT
INSERT INTO RECORDED_INSTANCE VALUES('uuid:90405215-541b-4f15-a316-f3729fbef84e','instances\u005cuuid90405215-541b-4f15-a316-f3729fbef84e')
COMMIT
INSERT INTO RECORDED_INSTANCE VALUES('uuid:a23cc800-2f10-4fc2-96a6-3a6d1c8c939e','instances\u005cuuida23cc800-2f10-4fc2-96a6-3a6d1c8c939e')
COMMIT
INSERT INTO RECORDED_INSTANCE VALUES('uuid:83cf5656-2199-4052-9176-9dbc317a5f33','instances\u005cuuid83cf5656-2199-4052-9176-9dbc317a5f33')
COMMIT
INSERT INTO RECORDED_INSTANCE VALUES('uuid:1933df55-61e5-4686-b0a7-204f5fa51873','instances\u005cuuid1933df55-61e5-4686-b0a7-204f5fa51873')
COMMIT
INSERT INTO RECORDED_INSTANCE VALUES('uuid:86222f9f-2941-4769-9b24-060e819297de','instances\u005cuuid86222f9f-2941-4769-9b24-060e819297de')
COMMIT
INSERT INTO RECORDED_INSTANCE VALUES('uuid:9e442655-9bb6-472b-964f-1b1c87f2418f','instances\u005cuuid9e442655-9bb6-472b-964f-1b1c87f2418f')
COMMIT
INSERT INTO RECORDED_INSTANCE VALUES('uuid:1cbd1206-2fd1-4ae1-a098-9db03edf3118','instances\u005cuuid1cbd1206-2fd1-4ae1-a098-9db03edf3118')
COMMIT
INSERT INTO RECORDED_INSTANCE VALUES('uuid:be79bea3-aa58-49c3-a89b-0488f3b9665e','instances\u005cuuidbe79bea3-aa58-49c3-a89b-0488f3b9665e')
COMMIT
INSERT INTO RECORDED_INSTANCE VALUES('uuid:e9e4500a-dd72-41eb-bdb9-8849059465d9','instances\u005cuuide9e4500a-dd72-41eb-bdb9-8849059465d9')
COMMIT
INSERT INTO RECORDED_INSTANCE VALUES('uuid:b0df05fb-bb2d-4966-b499-515955d12224','instances\u005cuuidb0df05fb-bb2d-4966-b499-515955d12224')
COMMIT
INSERT INTO RECORDED_INSTANCE VALUES('uuid:5da27674-ff95-4802-9cdd-a28a9eaaefd7','instances\u005cuuid5da27674-ff95-4802-9cdd-a28a9eaaefd7')
COMMIT
INSERT INTO RECORDED_INSTANCE VALUES('uuid:c0a41634-78cc-4009-938a-d7d64ba84a04','instances\u005cuuidc0a41634-78cc-4009-938a-d7d64ba84a04')
COMMIT
INSERT INTO RECORDED_INSTANCE VALUES('uuid:bb908e79-42f9-4e23-bffd-a02e846dff6d','instances\u005cuuidbb908e79-42f9-4e23-bffd-a02e846dff6d')
COMMIT
INSERT INTO RECORDED_INSTANCE VALUES('uuid:a7039aba-1951-4bbd-bed5-f817bb0f0560','instances\u005cuuida7039aba-1951-4bbd-bed5-f817bb0f0560')
COMMIT
INSERT INTO RECORDED_INSTANCE VALUES('uuid:54f9a60a-0e34-4929-b353-5433196fcdc3','instances\u005cuuid54f9a60a-0e34-4929-b353-5433196fcdc3')
COMMIT
INSERT INTO RECORDED_INSTANCE VALUES('uuid:abbfa8af-c298-47a2-a466-199c20109039','instances\u005cuuidabbfa8af-c298-47a2-a466-199c20109039')
COMMIT
INSERT INTO RECORDED_INSTANCE VALUES('uuid:29e03ecf-1243-49d7-922e-59e2d997e43d','instances\u005cuuid29e03ecf-1243-49d7-922e-59e2d997e43d')
COMMIT
INSERT INTO RECORDED_INSTANCE VALUES('uuid:17ea20a4-dfbc-429a-8bab-88f805a1ef14','instances\u005cuuid17ea20a4-dfbc-429a-8bab-88f805a1ef14')
COMMIT
INSERT INTO RECORDED_INSTANCE VALUES('uuid:3048ac35-b43e-4a84-bd03-470be78ac492','instances\u005cuuid3048ac35-b43e-4a84-bd03-470be78ac492')
COMMIT
INSERT INTO RECORDED_INSTANCE VALUES('uuid:7989ca60-a8e2-4399-bbdf-4e5a522ca69a','instances\u005cuuid7989ca60-a8e2-4399-bbdf-4e5a522ca69a')
COMMIT
INSERT INTO RECORDED_INSTANCE VALUES('uuid:d22e70e9-8e13-4ace-a2b7-7543a7637a24','instances\u005cuuidd22e70e9-8e13-4ace-a2b7-7543a7637a24')
COMMIT
INSERT INTO RECORDED_INSTANCE VALUES('uuid:e04f323b-6d2c-4654-b889-aa4513a6f436','instances\u005cuuide04f323b-6d2c-4654-b889-aa4513a6f436')
COMMIT
INSERT INTO RECORDED_INSTANCE VALUES('uuid:b0c42eca-1b24-4883-8484-795181ffa534','instances\u005cuuidb0c42eca-1b24-4883-8484-795181ffa534')
COMMIT
INSERT INTO RECORDED_INSTANCE VALUES('uuid:469e05eb-1aad-42dd-9d56-eb6f494d0954','instances\u005cuuid469e05eb-1aad-42dd-9d56-eb6f494d0954')
COMMIT
INSERT INTO RECORDED_INSTANCE VALUES('uuid:16fe7a38-1231-4ef1-a45d-c5605301c23a','instances\u005cuuid16fe7a38-1231-4ef1-a45d-c5605301c23a')
COMMIT
INSERT INTO RECORDED_INSTANCE VALUES('uuid:9e40b33a-7714-49cd-8b59-200ccf32a200','instances\u005cuuid9e40b33a-7714-49cd-8b59-200ccf32a200')
COMMIT
INSERT INTO RECORDED_INSTANCE VALUES('uuid:707f3f53-b063-4596-9dc3-210ef4852052','instances\u005cuuid707f3f53-b063-4596-9dc3-210ef4852052')
COMMIT
INSERT INTO RECORDED_INSTANCE VALUES('uuid:6ee503ff-631b-4c29-9c19-db6861145d7d','instances\u005cuuid6ee503ff-631b-4c29-9c19-db6861145d7d')
COMMIT
INSERT INTO RECORDED_INSTANCE VALUES('uuid:50b66ee9-3065-488d-8584-a705dec234ae','instances\u005cuuid50b66ee9-3065-488d-8584-a705dec234ae')
COMMIT
INSERT INTO RECORDED_INSTANCE VALUES('uuid:f1eac912-93b2-4d82-a0e0-a668ace88fef','instances\u005cuuidf1eac912-93b2-4d82-a0e0-a668ace88fef')
COMMIT
INSERT INTO RECORDED_INSTANCE VALUES('uuid:0115b8d2-17a4-474c-bc1b-6a60d41d9196','instances\u005cuuid0115b8d2-17a4-474c-bc1b-6a60d41d9196')
COMMIT
INSERT INTO RECORDED_INSTANCE VALUES('uuid:95a87aa8-6515-47bf-8878-9e0dfda7df63','instances\u005cuuid95a87aa8-6515-47bf-8878-9e0dfda7df63')
COMMIT
INSERT INTO RECORDED_INSTANCE VALUES('uuid:a71db337-6c90-4df6-beea-f62b350a1fbe','instances\u005cuuida71db337-6c90-4df6-beea-f62b350a1fbe')
COMMIT
INSERT INTO RECORDED_INSTANCE VALUES('uuid:9d6de6f8-923f-4e31-8b92-658890e734b1','instances\u005cuuid9d6de6f8-923f-4e31-8b92-658890e734b1')
COMMIT
INSERT INTO RECORDED_INSTANCE VALUES('uuid:3afa323c-8c8b-427e-87dc-982c32c9e64a','instances\u005cuuid3afa323c-8c8b-427e-87dc-982c32c9e64a')
COMMIT
INSERT INTO RECORDED_INSTANCE VALUES('uuid:bbc25bb9-6ecc-45aa-bf03-f48d91ba1cd5','instances\u005cuuidbbc25bb9-6ecc-45aa-bf03-f48d91ba1cd5')
COMMIT
INSERT INTO RECORDED_INSTANCE VALUES('uuid:e4f81bf3-6213-4a1d-8866-2bf22740caa3','instances\u005cuuide4f81bf3-6213-4a1d-8866-2bf22740caa3')
COMMIT
INSERT INTO RECORDED_INSTANCE VALUES('uuid:98e90c9e-d8a5-49e4-a139-93cd04b67ef3','instances\u005cuuid98e90c9e-d8a5-49e4-a139-93cd04b67ef3')
COMMIT
INSERT INTO RECORDED_INSTANCE VALUES('uuid:7935d9e4-6e3c-42f5-baad-46abe0319c0e','instances\u005cuuid7935d9e4-6e3c-42f5-baad-46abe0319c0e')
COMMIT
INSERT INTO RECORDED_INSTANCE VALUES('uuid:2272c37b-17c3-41dc-88a8-9d420fae49a2','instances\u005cuuid2272c37b-17c3-41dc-88a8-9d420fae49a2')
COMMIT
INSERT INTO RECORDED_INSTANCE VALUES('uuid:50b56ca9-11bd-47a2-ac99-8c9f8cd996c2','instances\u005cuuid50b56ca9-11bd-47a2-ac99-8c9f8cd996c2')
COMMIT
INSERT INTO RECORDED_INSTANCE VALUES('uuid:6f591997-b72d-488e-9621-ce01a4c496bc','instances\u005cuuid6f591997-b72d-488e-9621-ce01a4c496bc')
COMMIT
INSERT INTO RECORDED_INSTANCE VALUES('uuid:7c3b9a88-5fa6-49e7-a893-58b1b9c5ac87','instances\u005cuuid7c3b9a88-5fa6-49e7-a893-58b1b9c5ac87')
COMMIT
INSERT INTO RECORDED_INSTANCE VALUES('uuid:b8e837c1-78df-438a-b2a3-6315dcf7030c','instances\u005cuuidb8e837c1-78df-438a-b2a3-6315dcf7030c')
COMMIT
INSERT INTO RECORDED_INSTANCE VALUES('uuid:50f69805-b20a-4460-ab81-a86ef15ebe49','instances\u005cuuid50f69805-b20a-4460-ab81-a86ef15ebe49')
COMMIT
INSERT INTO RECORDED_INSTANCE VALUES('uuid:bd99adbe-a414-4768-8796-52c6906194b6','instances\u005cuuidbd99adbe-a414-4768-8796-52c6906194b6')
COMMIT
INSERT INTO RECORDED_INSTANCE VALUES('uuid:2b966757-43fc-49e7-9fe7-69ff79bb3053','instances\u005cuuid2b966757-43fc-49e7-9fe7-69ff79bb3053')
COMMIT
INSERT INTO RECORDED_INSTANCE VALUES('uuid:ef7a1473-9856-4c6d-b87b-283633d9cff9','instances\u005cuuidef7a1473-9856-4c6d-b87b-283633d9cff9')
COMMIT
INSERT INTO RECORDED_INSTANCE VALUES('uuid:a2405ce0-efc9-463f-aaf1-2dc6e4f7f417','instances\u005cuuida2405ce0-efc9-463f-aaf1-2dc6e4f7f417')
COMMIT
INSERT INTO RECORDED_INSTANCE VALUES('uuid:e1619efd-a139-4414-aed6-34a555573ffb','instances\u005cuuide1619efd-a139-4414-aed6-34a555573ffb')
COMMIT
INSERT INTO RECORDED_INSTANCE VALUES('uuid:4d651733-3320-4f31-ae46-0538457e51a9','instances\u005cuuid4d651733-3320-4f31-ae46-0538457e51a9')
COMMIT
INSERT INTO RECORDED_INSTANCE VALUES('uuid:dd859ac4-56a4-4321-9b91-00a7cc59b7b7','instances\u005cuuiddd859ac4-56a4-4321-9b91-00a7cc59b7b7')
COMMIT
INSERT INTO RECORDED_INSTANCE VALUES('uuid:fcec9ac7-1046-4fa4-a564-d04d1193e452','instances\u005cuuidfcec9ac7-1046-4fa4-a564-d04d1193e452')
COMMIT
INSERT INTO RECORDED_INSTANCE VALUES('uuid:f168ff60-6bdc-41b0-90bc-7f272b467c1e','instances\u005cuuidf168ff60-6bdc-41b0-90bc-7f272b467c1e')
COMMIT
INSERT INTO RECORDED_INSTANCE VALUES('uuid:a0d0e9f5-a7f9-4d09-8275-4cd90e2f236e','instances\u005cuuida0d0e9f5-a7f9-4d09-8275-4cd90e2f236e')
COMMIT
INSERT INTO RECORDED_INSTANCE VALUES('uuid:8ede8826-a5fb-4d3f-8a6e-2621c82f7d3e','instances\u005cuuid8ede8826-a5fb-4d3f-8a6e-2621c82f7d3e')
COMMIT
INSERT INTO RECORDED_INSTANCE VALUES('uuid:2b94caa3-7d03-4946-bed3-857ddb7a0dc9','instances\u005cuuid2b94caa3-7d03-4946-bed3-857ddb7a0dc9')
COMMIT
INSERT INTO RECORDED_INSTANCE VALUES('uuid:a33f46bd-da2c-4459-8d86-ad782f483563','instances\u005cuuida33f46bd-da2c-4459-8d86-ad782f483563')
COMMIT
INSERT INTO RECORDED_INSTANCE VALUES('uuid:a4a2eac3-9504-4186-ab37-3296296de1e5','instances\u005cuuida4a2eac3-9504-4186-ab37-3296296de1e5')
COMMIT
INSERT INTO RECORDED_INSTANCE VALUES('uuid:f87ba03a-713f-4673-a3ec-23a2c929655f','instances\u005cuuidf87ba03a-713f-4673-a3ec-23a2c929655f')
COMMIT
INSERT INTO RECORDED_INSTANCE VALUES('uuid:75d5f768-e84f-4562-b707-6d8f476a7c1c','instances\u005cuuid75d5f768-e84f-4562-b707-6d8f476a7c1c')
COMMIT
INSERT INTO RECORDED_INSTANCE VALUES('uuid:6f1b5381-9bdf-4be7-8967-e8c6700057dc','instances\u005cuuid6f1b5381-9bdf-4be7-8967-e8c6700057dc')
COMMIT
INSERT INTO RECORDED_INSTANCE VALUES('uuid:07ab0ac4-6a70-4f55-9ea8-2e1dd3370553','instances\u005cuuid07ab0ac4-6a70-4f55-9ea8-2e1dd3370553')
COMMIT
INSERT INTO RECORDED_INSTANCE VALUES('uuid:cd8fba8f-90fc-4965-a694-8939c9b73db4','instances\u005cuuidcd8fba8f-90fc-4965-a694-8939c9b73db4')
COMMIT
INSERT INTO RECORDED_INSTANCE VALUES('uuid:536c9d3a-3017-4bc7-92a6-2c1716cbfb54','instances\u005cuuid536c9d3a-3017-4bc7-92a6-2c1716cbfb54')
COMMIT
INSERT INTO RECORDED_INSTANCE VALUES('uuid:515aacc7-74f3-4402-a959-943bdd7443a8','instances\u005cuuid515aacc7-74f3-4402-a959-943bdd7443a8')
COMMIT
INSERT INTO RECORDED_INSTANCE VALUES('uuid:4b849c7e-ba81-4f21-8dda-58f1d696f149','instances\u005cuuid4b849c7e-ba81-4f21-8dda-58f1d696f149')
COMMIT
INSERT INTO RECORDED_INSTANCE VALUES('uuid:2eb1244e-aa5c-4617-88c5-2bfaf7202e1c','instances\u005cuuid2eb1244e-aa5c-4617-88c5-2bfaf7202e1c')
COMMIT
INSERT INTO RECORDED_INSTANCE VALUES('uuid:72957ecc-5d62-42bc-a120-e5a0f40274dc','instances\u005cuuid72957ecc-5d62-42bc-a120-e5a0f40274dc')
COMMIT
INSERT INTO RECORDED_INSTANCE VALUES('uuid:0fa8f943-8d6e-4abf-9597-7304b7ef3d10','instances\u005cuuid0fa8f943-8d6e-4abf-9597-7304b7ef3d10')
COMMIT
INSERT INTO RECORDED_INSTANCE VALUES('uuid:812e92f2-0ec3-4ba5-93bf-ed5f70733e63','instances\u005cuuid812e92f2-0ec3-4ba5-93bf-ed5f70733e63')
COMMIT
INSERT INTO RECORDED_INSTANCE VALUES('uuid:5aed7f77-5a0d-47a8-b612-d2c010e70beb','instances\u005cuuid5aed7f77-5a0d-47a8-b612-d2c010e70beb')
COMMIT
INSERT INTO RECORDED_INSTANCE VALUES('uuid:11c1e7cd-da90-40d8-ae89-42169aba3115','instances\u005cuuid11c1e7cd-da90-40d8-ae89-42169aba3115')
COMMIT
INSERT INTO RECORDED_INSTANCE VALUES('uuid:846a021d-a9e1-4b33-841e-b287b9f4291c','instances\u005cuuid846a021d-a9e1-4b33-841e-b287b9f4291c')
COMMIT
INSERT INTO RECORDED_INSTANCE VALUES('uuid:69e23749-ee91-4bac-95ba-b72865162352','instances\u005cuuid69e23749-ee91-4bac-95ba-b72865162352')
COMMIT
INSERT INTO RECORDED_INSTANCE VALUES('uuid:62e58319-3314-4e63-89ba-a96f2d3b1a83','instances\u005cuuid62e58319-3314-4e63-89ba-a96f2d3b1a83')
COMMIT
INSERT INTO RECORDED_INSTANCE VALUES('uuid:6c21c4fb-404f-4b2b-96a8-6f74ba0e02b5','instances\u005cuuid6c21c4fb-404f-4b2b-96a8-6f74ba0e02b5')
COMMIT
INSERT INTO RECORDED_INSTANCE VALUES('uuid:ddd88bbd-bdbc-4f1e-9b55-ba05903c88f4','instances\u005cuuidddd88bbd-bdbc-4f1e-9b55-ba05903c88f4')
COMMIT
INSERT INTO RECORDED_INSTANCE VALUES('uuid:2cd472b4-0d02-4ef1-8d87-e65d1c4f116a','instances\u005cuuid2cd472b4-0d02-4ef1-8d87-e65d1c4f116a')
COMMIT
INSERT INTO RECORDED_INSTANCE VALUES('uuid:d78730c9-3e7f-43d2-ac6d-609724eb14a6','instances\u005cuuidd78730c9-3e7f-43d2-ac6d-609724eb14a6')
COMMIT
INSERT INTO RECORDED_INSTANCE VALUES('uuid:05ce0c91-865d-4052-9b62-672eb7fe988e','instances\u005cuuid05ce0c91-865d-4052-9b62-672eb7fe988e')
COMMIT
INSERT INTO RECORDED_INSTANCE VALUES('uuid:361cdcb6-e946-44df-b4e6-b5d59eb307c9','instances\u005cuuid361cdcb6-e946-44df-b4e6-b5d59eb307c9')
COMMIT
INSERT INTO RECORDED_INSTANCE VALUES('uuid:dff8272f-ae41-4d25-a885-52af930b00ee','instances\u005cuuiddff8272f-ae41-4d25-a885-52af930b00ee')
COMMIT
INSERT INTO RECORDED_INSTANCE VALUES('uuid:8cacc3ce-f6e0-4ad4-b741-0fe99679709d','instances\u005cuuid8cacc3ce-f6e0-4ad4-b741-0fe99679709d')
COMMIT
INSERT INTO RECORDED_INSTANCE VALUES('uuid:67250a01-dcdd-4186-9f18-5a57b8fb10b0','instances\u005cuuid67250a01-dcdd-4186-9f18-5a57b8fb10b0')
COMMIT
INSERT INTO RECORDED_INSTANCE VALUES('uuid:e6fdd179-b39c-4142-b94b-ae4073a7d775','instances\u005cuuide6fdd179-b39c-4142-b94b-ae4073a7d775')
COMMIT
INSERT INTO RECORDED_INSTANCE VALUES('uuid:82b53f0b-af1a-41e7-81e2-739b28ca1cda','instances\u005cuuid82b53f0b-af1a-41e7-81e2-739b28ca1cda')
COMMIT
INSERT INTO RECORDED_INSTANCE VALUES('uuid:f281f0ce-aebc-4700-8221-7e6f7595b8ee','instances\u005cuuidf281f0ce-aebc-4700-8221-7e6f7595b8ee')
COMMIT
INSERT INTO RECORDED_INSTANCE VALUES('uuid:2be30ebf-84ae-4404-9f7d-ca030a6536d4','instances\u005cuuid2be30ebf-84ae-4404-9f7d-ca030a6536d4')
COMMIT
INSERT INTO RECORDED_INSTANCE VALUES('uuid:0f146e61-eb81-467b-8926-861e663b1b9b','instances\u005cuuid0f146e61-eb81-467b-8926-861e663b1b9b')
COMMIT
INSERT INTO RECORDED_INSTANCE VALUES('uuid:565abe88-25b1-4eeb-95b7-4b1936b4d2cd','instances\u005cuuid565abe88-25b1-4eeb-95b7-4b1936b4d2cd')
COMMIT
INSERT INTO RECORDED_INSTANCE VALUES('uuid:1a624349-e94c-48a8-8e72-9065718c00cb','instances\u005cuuid1a624349-e94c-48a8-8e72-9065718c00cb')
COMMIT
INSERT INTO RECORDED_INSTANCE VALUES('uuid:a489f6d9-b3ff-4f91-b92c-3990153a7861','instances\u005cuuida489f6d9-b3ff-4f91-b92c-3990153a7861')
COMMIT
INSERT INTO RECORDED_INSTANCE VALUES('uuid:3fcd3de0-1c13-4923-aa77-02ce01af5ab3','instances\u005cuuid3fcd3de0-1c13-4923-aa77-02ce01af5ab3')
COMMIT
INSERT INTO RECORDED_INSTANCE VALUES('uuid:657501b6-3b14-46b5-b525-a141538680a0','instances\u005cuuid657501b6-3b14-46b5-b525-a141538680a0')
COMMIT
INSERT INTO RECORDED_INSTANCE VALUES('uuid:7becc151-15e0-44aa-a519-f7f142ca5a74','instances\u005cuuid7becc151-15e0-44aa-a519-f7f142ca5a74')
COMMIT
INSERT INTO RECORDED_INSTANCE VALUES('uuid:1b8bcad1-a7ac-44b4-86e9-66fe1748dd79','instances\u005cuuid1b8bcad1-a7ac-44b4-86e9-66fe1748dd79')
COMMIT
INSERT INTO RECORDED_INSTANCE VALUES('uuid:d4488fde-f7c7-4e18-8b50-02553d8c713c','instances\u005cuuidd4488fde-f7c7-4e18-8b50-02553d8c713c')
COMMIT
INSERT INTO RECORDED_INSTANCE VALUES('uuid:170bca7d-88d9-427a-9f09-0a925cebfa2e','instances\u005cuuid170bca7d-88d9-427a-9f09-0a925cebfa2e')
COMMIT
INSERT INTO RECORDED_INSTANCE VALUES('uuid:6f87e278-e3c0-4b12-bfee-3b4d5497ae48','instances\u005cuuid6f87e278-e3c0-4b12-bfee-3b4d5497ae48')
COMMIT
INSERT INTO RECORDED_INSTANCE VALUES('uuid:5bebd392-daaf-4ec4-bac6-ca47d9fc9df3','instances\u005cuuid5bebd392-daaf-4ec4-bac6-ca47d9fc9df3')
COMMIT
INSERT INTO RECORDED_INSTANCE VALUES('uuid:9055ec6a-85e2-4c65-be95-7fee2872f722','instances\u005cuuid9055ec6a-85e2-4c65-be95-7fee2872f722')
COMMIT
INSERT INTO RECORDED_INSTANCE VALUES('uuid:253968b5-b8e5-4c91-b77e-07efe138832a','instances\u005cuuid253968b5-b8e5-4c91-b77e-07efe138832a')
COMMIT
INSERT INTO RECORDED_INSTANCE VALUES('uuid:9e97ccd2-8c30-4d90-9726-091be2711238','instances\u005cuuid9e97ccd2-8c30-4d90-9726-091be2711238')
COMMIT
INSERT INTO RECORDED_INSTANCE VALUES('uuid:ebaf006b-e109-48d5-9c5a-43b4d1b01a35','instances\u005cuuidebaf006b-e109-48d5-9c5a-43b4d1b01a35')
COMMIT
INSERT INTO RECORDED_INSTANCE VALUES('uuid:a3d57f9f-a38a-42de-a325-2c5c18cdb72b','instances\u005cuuida3d57f9f-a38a-42de-a325-2c5c18cdb72b')
COMMIT
INSERT INTO RECORDED_INSTANCE VALUES('uuid:44150237-4f38-4542-bff7-fc8d536dfa23','instances\u005cuuid44150237-4f38-4542-bff7-fc8d536dfa23')
COMMIT
INSERT INTO RECORDED_INSTANCE VALUES('uuid:601e936e-d7e2-4c6e-a9cf-2fa350c9e808','instances\u005cuuid601e936e-d7e2-4c6e-a9cf-2fa350c9e808')
COMMIT
INSERT INTO RECORDED_INSTANCE VALUES('uuid:bd87f48a-c3f7-4ba7-8e0c-ef38d43b1703','instances\u005cuuidbd87f48a-c3f7-4ba7-8e0c-ef38d43b1703')
COMMIT
INSERT INTO RECORDED_INSTANCE VALUES('uuid:539dc04c-d38f-455c-9257-24e56beb6ed3','instances\u005cuuid539dc04c-d38f-455c-9257-24e56beb6ed3')
COMMIT
INSERT INTO RECORDED_INSTANCE VALUES('uuid:94fc8b0a-fe46-4eed-8093-6dc012101cf3','instances\u005cuuid94fc8b0a-fe46-4eed-8093-6dc012101cf3')
COMMIT
INSERT INTO RECORDED_INSTANCE VALUES('uuid:4f4eb9ab-cda6-48ab-85fa-d528cf4786b6','instances\u005cuuid4f4eb9ab-cda6-48ab-85fa-d528cf4786b6')
COMMIT
INSERT INTO RECORDED_INSTANCE VALUES('uuid:c7d4bdb5-559f-4f2f-8e56-38154a369060','instances\u005cuuidc7d4bdb5-559f-4f2f-8e56-38154a369060')
COMMIT
INSERT INTO RECORDED_INSTANCE VALUES('uuid:ad4ad6a6-517a-4447-a04d-f7d09aa5cc10','instances\u005cuuidad4ad6a6-517a-4447-a04d-f7d09aa5cc10')
COMMIT
INSERT INTO RECORDED_INSTANCE VALUES('uuid:596ce604-10ce-458a-b62a-d8a6848a89fd','instances\u005cuuid596ce604-10ce-458a-b62a-d8a6848a89fd')
COMMIT
INSERT INTO RECORDED_INSTANCE VALUES('uuid:a3e5e1df-48c3-48ed-a6d7-cf4a6315185a','instances\u005cuuida3e5e1df-48c3-48ed-a6d7-cf4a6315185a')
COMMIT
INSERT INTO RECORDED_INSTANCE VALUES('uuid:026e7aa7-e50d-4081-aa43-bd0558db1a14','instances\u005cuuid026e7aa7-e50d-4081-aa43-bd0558db1a14')
COMMIT
INSERT INTO RECORDED_INSTANCE VALUES('uuid:3d2471b2-a715-4b4c-bcf7-3b6bdee87dad','instances\u005cuuid3d2471b2-a715-4b4c-bcf7-3b6bdee87dad')
COMMIT
INSERT INTO RECORDED_INSTANCE VALUES('uuid:bd3d868d-25c4-4752-8272-c7c042c1d4a5','instances\u005cuuidbd3d868d-25c4-4752-8272-c7c042c1d4a5')
COMMIT
INSERT INTO RECORDED_INSTANCE VALUES('uuid:f7faa2e6-7388-460e-88b8-07d0ca1dca58','instances\u005cuuidf7faa2e6-7388-460e-88b8-07d0ca1dca58')
COMMIT
INSERT INTO RECORDED_INSTANCE VALUES('uuid:988a1bb5-3b08-4130-abdc-cb1b9a17efa4','instances\u005cuuid988a1bb5-3b08-4130-abdc-cb1b9a17efa4')
COMMIT
INSERT INTO RECORDED_INSTANCE VALUES('uuid:de56d886-b3cb-4390-8c54-e5c82d01656a','instances\u005cuuidde56d886-b3cb-4390-8c54-e5c82d01656a')
COMMIT
INSERT INTO RECORDED_INSTANCE VALUES('uuid:84c85745-ec07-4d56-9097-91b03782c473','instances\u005cuuid84c85745-ec07-4d56-9097-91b03782c473')
COMMIT
INSERT INTO RECORDED_INSTANCE VALUES('uuid:617da2bb-fd80-4056-9f3b-61b20b84bae7','instances\u005cuuid617da2bb-fd80-4056-9f3b-61b20b84bae7')
COMMIT
INSERT INTO RECORDED_INSTANCE VALUES('uuid:d9040fad-15eb-4d76-b703-eb41ca2c1e2a','instances\u005cuuidd9040fad-15eb-4d76-b703-eb41ca2c1e2a')
COMMIT
INSERT INTO RECORDED_INSTANCE VALUES('uuid:d1b956b1-080e-43af-b986-7943fc110a05','instances\u005cuuidd1b956b1-080e-43af-b986-7943fc110a05')
COMMIT
INSERT INTO RECORDED_INSTANCE VALUES('uuid:81bb6697-aed6-4ac6-b972-726ccbfbcb09','instances\u005cuuid81bb6697-aed6-4ac6-b972-726ccbfbcb09')
COMMIT
INSERT INTO RECORDED_INSTANCE VALUES('uuid:1dc2e9bf-552f-4944-851c-685a46a0a22b','instances\u005cuuid1dc2e9bf-552f-4944-851c-685a46a0a22b')
COMMIT
INSERT INTO RECORDED_INSTANCE VALUES('uuid:935be52d-3045-4be9-ae84-c368c30b5ba6','instances\u005cuuid935be52d-3045-4be9-ae84-c368c30b5ba6')
COMMIT
INSERT INTO RECORDED_INSTANCE VALUES('uuid:4aed3bb5-d8b4-492b-99ee-14cd632d945d','instances\u005cuuid4aed3bb5-d8b4-492b-99ee-14cd632d945d')
COMMIT
INSERT INTO RECORDED_INSTANCE VALUES('uuid:e1c879f3-76a4-4055-81b7-a0222757633d','instances\u005cuuide1c879f3-76a4-4055-81b7-a0222757633d')
COMMIT
INSERT INTO RECORDED_INSTANCE VALUES('uuid:0d196832-252f-4c41-a0f1-cc48e2dd4bb1','instances\u005cuuid0d196832-252f-4c41-a0f1-cc48e2dd4bb1')
COMMIT
INSERT INTO RECORDED_INSTANCE VALUES('uuid:4868c1f2-4e77-4db5-8a39-aa508a0984d5','instances\u005cuuid4868c1f2-4e77-4db5-8a39-aa508a0984d5')
COMMIT
INSERT INTO RECORDED_INSTANCE VALUES('uuid:4a70ec88-8b54-4e75-804b-c47529b9b0df','instances\u005cuuid4a70ec88-8b54-4e75-804b-c47529b9b0df')
COMMIT
INSERT INTO RECORDED_INSTANCE VALUES('uuid:ff42a7d4-8212-484a-8776-d6c64b1fe893','instances\u005cuuidff42a7d4-8212-484a-8776-d6c64b1fe893')
COMMIT
INSERT INTO RECORDED_INSTANCE VALUES('uuid:403c9b02-0546-4cd2-9faa-a4f99ee66ff7','instances\u005cuuid403c9b02-0546-4cd2-9faa-a4f99ee66ff7')
COMMIT
INSERT INTO RECORDED_INSTANCE VALUES('uuid:1686fafb-2526-4e55-8479-38919ed31a6a','instances\u005cuuid1686fafb-2526-4e55-8479-38919ed31a6a')
COMMIT
INSERT INTO RECORDED_INSTANCE VALUES('uuid:a5c6ccdb-4765-4c41-b1c2-c56e38d2a163','instances\u005cuuida5c6ccdb-4765-4c41-b1c2-c56e38d2a163')
COMMIT
INSERT INTO RECORDED_INSTANCE VALUES('uuid:7532c300-112a-42c5-ab35-7a155e3aee44','instances\u005cuuid7532c300-112a-42c5-ab35-7a155e3aee44')
COMMIT
INSERT INTO RECORDED_INSTANCE VALUES('uuid:9311414d-4fe7-4934-8c9a-41b47d5f4185','instances\u005cuuid9311414d-4fe7-4934-8c9a-41b47d5f4185')
COMMIT
INSERT INTO RECORDED_INSTANCE VALUES('uuid:b406f4a8-3354-417b-90e9-78007edfac64','instances\u005cuuidb406f4a8-3354-417b-90e9-78007edfac64')
COMMIT
INSERT INTO RECORDED_INSTANCE VALUES('uuid:c086fdcb-faed-406b-8b3a-e5c25da8d190','instances\u005cuuidc086fdcb-faed-406b-8b3a-e5c25da8d190')
COMMIT
INSERT INTO RECORDED_INSTANCE VALUES('uuid:684fe6de-baee-47fa-ab20-ece8a6d6d012','instances\u005cuuid684fe6de-baee-47fa-ab20-ece8a6d6d012')
COMMIT
INSERT INTO RECORDED_INSTANCE VALUES('uuid:985c301f-9e53-4bfa-8c91-c8cdc2ba5bb9','instances\u005cuuid985c301f-9e53-4bfa-8c91-c8cdc2ba5bb9')
COMMIT
INSERT INTO RECORDED_INSTANCE VALUES('uuid:95f2f155-93e8-4370-86c9-9c379e556c28','instances\u005cuuid95f2f155-93e8-4370-86c9-9c379e556c28')
COMMIT
INSERT INTO RECORDED_INSTANCE VALUES('uuid:bde3ee18-2e25-4dfe-bc3b-5353dc0d3f65','instances\u005cuuidbde3ee18-2e25-4dfe-bc3b-5353dc0d3f65')
COMMIT
INSERT INTO RECORDED_INSTANCE VALUES('uuid:bd6f3cfa-d806-451a-9475-36d1b915044a','instances\u005cuuidbd6f3cfa-d806-451a-9475-36d1b915044a')
COMMIT
INSERT INTO RECORDED_INSTANCE VALUES('uuid:4be07008-e085-4f4e-8003-bf5308c3c2c6','instances\u005cuuid4be07008-e085-4f4e-8003-bf5308c3c2c6')
COMMIT
INSERT INTO RECORDED_INSTANCE VALUES('uuid:80065cac-7821-4bb7-8b18-8060e579b291','instances\u005cuuid80065cac-7821-4bb7-8b18-8060e579b291')
COMMIT
INSERT INTO RECORDED_INSTANCE VALUES('uuid:d5c5a49a-6fc4-4925-b333-6d2caa15990c','instances\u005cuuidd5c5a49a-6fc4-4925-b333-6d2caa15990c')
COMMIT
INSERT INTO RECORDED_INSTANCE VALUES('uuid:05ba749f-cd5f-4c59-bb57-0e30b8797251','instances\u005cuuid05ba749f-cd5f-4c59-bb57-0e30b8797251')
COMMIT
INSERT INTO RECORDED_INSTANCE VALUES('uuid:c08deb6f-e99f-4434-b61b-1bcb0bd6896e','instances\u005cuuidc08deb6f-e99f-4434-b61b-1bcb0bd6896e')
COMMIT
INSERT INTO RECORDED_INSTANCE VALUES('uuid:a34021c6-a477-45cd-914b-3fbbbebcdc93','instances\u005cuuida34021c6-a477-45cd-914b-3fbbbebcdc93')
COMMIT
INSERT INTO RECORDED_INSTANCE VALUES('uuid:7d5a37e5-c8c1-43bd-baee-bdfc0dbaf05a','instances\u005cuuid7d5a37e5-c8c1-43bd-baee-bdfc0dbaf05a')
COMMIT
INSERT INTO RECORDED_INSTANCE VALUES('uuid:82160380-8571-41ce-83f1-02363ad06960','instances\u005cuuid82160380-8571-41ce-83f1-02363ad06960')
COMMIT
INSERT INTO RECORDED_INSTANCE VALUES('uuid:0770a8a6-8c2c-4b8e-8474-228a91bc1532','instances\u005cuuid0770a8a6-8c2c-4b8e-8474-228a91bc1532')
COMMIT
INSERT INTO RECORDED_INSTANCE VALUES('uuid:6c2fe8cb-4f66-4fec-b522-757d16d14e57','instances\u005cuuid6c2fe8cb-4f66-4fec-b522-757d16d14e57')
COMMIT
INSERT INTO RECORDED_INSTANCE VALUES('uuid:6db16d74-7f65-4a03-b32d-1806b281ec53','instances\u005cuuid6db16d74-7f65-4a03-b32d-1806b281ec53')
COMMIT
INSERT INTO RECORDED_INSTANCE VALUES('uuid:1f8a5111-4ddb-4488-89eb-b8ba81edeb10','instances\u005cuuid1f8a5111-4ddb-4488-89eb-b8ba81edeb10')
COMMIT
INSERT INTO RECORDED_INSTANCE VALUES('uuid:5f4da18f-bd57-4696-a3d4-cd4865352131','instances\u005cuuid5f4da18f-bd57-4696-a3d4-cd4865352131')
COMMIT
INSERT INTO RECORDED_INSTANCE VALUES('uuid:1a2c0515-6a82-4faa-abbf-14c0a19c6bae','instances\u005cuuid1a2c0515-6a82-4faa-abbf-14c0a19c6bae')
COMMIT
INSERT INTO RECORDED_INSTANCE VALUES('uuid:8d0b0cc3-98e8-473a-9631-282ebd615e77','instances\u005cuuid8d0b0cc3-98e8-473a-9631-282ebd615e77')
COMMIT
INSERT INTO RECORDED_INSTANCE VALUES('uuid:7f75b43c-a235-4d87-a833-e56785331398','instances\u005cuuid7f75b43c-a235-4d87-a833-e56785331398')
COMMIT
INSERT INTO RECORDED_INSTANCE VALUES('uuid:6c7161f0-f2ce-46b8-978f-ee20471036da','instances\u005cuuid6c7161f0-f2ce-46b8-978f-ee20471036da')
COMMIT
INSERT INTO RECORDED_INSTANCE VALUES('uuid:98d1dd7a-9353-4359-bf34-d4efa909498d','instances\u005cuuid98d1dd7a-9353-4359-bf34-d4efa909498d')
COMMIT
INSERT INTO RECORDED_INSTANCE VALUES('uuid:07d0b960-f33e-4357-9fe4-9c0a0a13e1a6','instances\u005cuuid07d0b960-f33e-4357-9fe4-9c0a0a13e1a6')
COMMIT
INSERT INTO RECORDED_INSTANCE VALUES('uuid:78f8919f-fcd4-42b6-99bf-20a71a957545','instances\u005cuuid78f8919f-fcd4-42b6-99bf-20a71a957545')
COMMIT
INSERT INTO RECORDED_INSTANCE VALUES('uuid:20d3e33d-4e8b-41bb-ae5c-f6e141e787ea','instances\u005cuuid20d3e33d-4e8b-41bb-ae5c-f6e141e787ea')
COMMIT
INSERT INTO RECORDED_INSTANCE VALUES('uuid:552a3896-6aa0-44f0-972e-fbf1a29ae558','instances\u005cuuid552a3896-6aa0-44f0-972e-fbf1a29ae558')
COMMIT
INSERT INTO RECORDED_INSTANCE VALUES('uuid:1b141ce2-66b5-4c5d-a383-57aba6722cfe','instances\u005cuuid1b141ce2-66b5-4c5d-a383-57aba6722cfe')
COMMIT
INSERT INTO RECORDED_INSTANCE VALUES('uuid:73e5f4c8-882f-4007-8848-cfab3142a9e1','instances\u005cuuid73e5f4c8-882f-4007-8848-cfab3142a9e1')
COMMIT
INSERT INTO RECORDED_INSTANCE VALUES('uuid:d47040fa-6ec5-4fd2-932a-41f82ac29084','instances\u005cuuidd47040fa-6ec5-4fd2-932a-41f82ac29084')
COMMIT
INSERT INTO RECORDED_INSTANCE VALUES('uuid:d669bdd8-b479-4d9c-88b7-4805df7fab7a','instances\u005cuuidd669bdd8-b479-4d9c-88b7-4805df7fab7a')
COMMIT
INSERT INTO RECORDED_INSTANCE VALUES('uuid:9f15f10c-4de0-46a6-a1bd-548e05b850ba','instances\u005cuuid9f15f10c-4de0-46a6-a1bd-548e05b850ba')
COMMIT
INSERT INTO RECORDED_INSTANCE VALUES('uuid:b3d4a56d-2505-424e-bb2d-9d1349a15ea9','instances\u005cuuidb3d4a56d-2505-424e-bb2d-9d1349a15ea9')
COMMIT
DISCONNECT
/*C3*/SET SCHEMA PUBLIC
INSERT INTO RECORDED_INSTANCE VALUES('uuid:d4a23ca9-6264-4213-a735-9cbefe5cfb7d','instances\u005cuuidd4a23ca9-6264-4213-a735-9cbefe5cfb7d')
COMMIT
INSERT INTO RECORDED_INSTANCE VALUES('uuid:8dfa7148-a372-4bd8-adad-1fc032b00b9f','instances\u005cuuid8dfa7148-a372-4bd8-adad-1fc032b00b9f')
COMMIT
INSERT INTO RECORDED_INSTANCE VALUES('uuid:822ffe25-20e0-4b93-b94a-92d32c6c31d4','instances\u005cuuid822ffe25-20e0-4b93-b94a-92d32c6c31d4')
COMMIT
INSERT INTO RECORDED_INSTANCE VALUES('uuid:6470170e-6b0f-4dda-a378-d6adc8df864a','instances\u005cuuid6470170e-6b0f-4dda-a378-d6adc8df864a')
COMMIT
INSERT INTO RECORDED_INSTANCE VALUES('uuid:a593fc3f-5dbd-42a3-9fe9-838a90101569','instances\u005cuuida593fc3f-5dbd-42a3-9fe9-838a90101569')
COMMIT
INSERT INTO RECORDED_INSTANCE VALUES('uuid:84e86be6-5c30-4e59-b24b-e23bf086599c','instances\u005cuuid84e86be6-5c30-4e59-b24b-e23bf086599c')
COMMIT
INSERT INTO RECORDED_INSTANCE VALUES('uuid:c6850c4c-b451-4060-ac50-1a775266bb85','instances\u005cuuidc6850c4c-b451-4060-ac50-1a775266bb85')
COMMIT
INSERT INTO RECORDED_INSTANCE VALUES('uuid:f6d06e59-991e-42f9-ad85-abc09769bebd','instances\u005cuuidf6d06e59-991e-42f9-ad85-abc09769bebd')
COMMIT
INSERT INTO RECORDED_INSTANCE VALUES('uuid:3301bd93-679b-429e-8d6e-69f1ff4f48a9','instances\u005cuuid3301bd93-679b-429e-8d6e-69f1ff4f48a9')
COMMIT
INSERT INTO RECORDED_INSTANCE VALUES('uuid:c328652b-d981-428d-b5ca-3079860a569f','instances\u005cuuidc328652b-d981-428d-b5ca-3079860a569f')
COMMIT
INSERT INTO RECORDED_INSTANCE VALUES('uuid:a7633636-3e95-4a3e-89bb-5fd7027fc99c','instances\u005cuuida7633636-3e95-4a3e-89bb-5fd7027fc99c')
COMMIT
INSERT INTO RECORDED_INSTANCE VALUES('uuid:52b89d12-e6ae-4674-9943-318b277a1907','instances\u005cuuid52b89d12-e6ae-4674-9943-318b277a1907')
COMMIT
INSERT INTO RECORDED_INSTANCE VALUES('uuid:b4a9d392-c834-4d82-b84f-df787ef9ae93','instances\u005cuuidb4a9d392-c834-4d82-b84f-df787ef9ae93')
COMMIT
INSERT INTO RECORDED_INSTANCE VALUES('uuid:b5300806-e1e5-4b37-9bad-e9f20c8f321a','instances\u005cuuidb5300806-e1e5-4b37-9bad-e9f20c8f321a')
COMMIT
INSERT INTO RECORDED_INSTANCE VALUES('uuid:a1bff79c-960e-4ae5-909c-b885a0ab21d9','instances\u005cuuida1bff79c-960e-4ae5-909c-b885a0ab21d9')
COMMIT
INSERT INTO RECORDED_INSTANCE VALUES('uuid:09957d0e-43d5-4fe0-95fb-80f2123b1ed4','instances\u005cuuid09957d0e-43d5-4fe0-95fb-80f2123b1ed4')
COMMIT
DISCONNECT
