/*C6*/SET SCHEMA PUBLIC
INSERT INTO RECORDED_INSTANCE VALUES('uuid:ab652ee7-3cd5-415c-9388-83415686e774','instances\u005cuuidab652ee7-3cd5-415c-9388-83415686e774')
COMMIT
INSERT INTO RECORDED_INSTANCE VALUES('uuid:4aecb7ea-d006-4fdb-bada-de105a65e9fb','instances\u005cuuid4aecb7ea-d006-4fdb-bada-de105a65e9fb')
COMMIT
/*C5*/SET SCHEMA PUBLIC
INSERT INTO RECORDED_INSTANCE VALUES('uuid:1752c823-bc30-4cb6-af85-eadf8ff50682','instances\u005cuuid1752c823-bc30-4cb6-af85-eadf8ff50682')
COMMIT
/*C6*/INSERT INTO RECORDED_INSTANCE VALUES('uuid:bcc62041-53b1-41b5-a3f8-500507108ddb','instances\u005cuuidbcc62041-53b1-41b5-a3f8-500507108ddb')
COMMIT
INSERT INTO RECORDED_INSTANCE VALUES('uuid:2511031c-c4b7-403b-8973-fad1fafb98c6','instances\u005cuuid2511031c-c4b7-403b-8973-fad1fafb98c6')
COMMIT
INSERT INTO RECORDED_INSTANCE VALUES('uuid:f1944e0f-dcab-49bb-832f-49b6b953987f','instances\u005cuuidf1944e0f-dcab-49bb-832f-49b6b953987f')
COMMIT
INSERT INTO RECORDED_INSTANCE VALUES('uuid:2d720007-c8b3-4c7a-8d0f-892d625bc047','instances\u005cuuid2d720007-c8b3-4c7a-8d0f-892d625bc047')
COMMIT
/*C5*/INSERT INTO RECORDED_INSTANCE VALUES('uuid:940357c4-ece3-45b5-b453-32737960a2c7','instances\u005cuuid940357c4-ece3-45b5-b453-32737960a2c7')
COMMIT
/*C6*/INSERT INTO RECORDED_INSTANCE VALUES('uuid:94a50536-46db-4a56-b4ae-1288568d10a2','instances\u005cuuid94a50536-46db-4a56-b4ae-1288568d10a2')
COMMIT
INSERT INTO RECORDED_INSTANCE VALUES('uuid:32ed5a4d-cb8d-44d5-9cb8-0b31a77c5398','instances\u005cuuid32ed5a4d-cb8d-44d5-9cb8-0b31a77c5398')
COMMIT
INSERT INTO RECORDED_INSTANCE VALUES('uuid:4db1bbc4-7a55-4d2c-9235-82b4fdc8344e','instances\u005cuuid4db1bbc4-7a55-4d2c-9235-82b4fdc8344e')
COMMIT
INSERT INTO RECORDED_INSTANCE VALUES('uuid:b7f60d02-dde1-4d28-99f9-a92ca94b1d3c','instances\u005cuuidb7f60d02-dde1-4d28-99f9-a92ca94b1d3c')
COMMIT
/*C5*/INSERT INTO RECORDED_INSTANCE VALUES('uuid:5cd85599-dea0-4933-b504-3c2f10ad770e','instances\u005cuuid5cd85599-dea0-4933-b504-3c2f10ad770e')
COMMIT
/*C6*/INSERT INTO RECORDED_INSTANCE VALUES('uuid:1cd608c3-9194-411e-8abe-57eeca85789d','instances\u005cuuid1cd608c3-9194-411e-8abe-57eeca85789d')
COMMIT
INSERT INTO RECORDED_INSTANCE VALUES('uuid:d7d43a93-ceff-42e4-b611-b7ed5a988a5c','instances\u005cuuidd7d43a93-ceff-42e4-b611-b7ed5a988a5c')
COMMIT
INSERT INTO RECORDED_INSTANCE VALUES('uuid:5412ed67-dfc7-4591-9506-275e9240bb08','instances\u005cuuid5412ed67-dfc7-4591-9506-275e9240bb08')
COMMIT
INSERT INTO RECORDED_INSTANCE VALUES('uuid:be833481-c162-4b24-9edc-f74acb580f29','instances\u005cuuidbe833481-c162-4b24-9edc-f74acb580f29')
COMMIT
/*C5*/INSERT INTO RECORDED_INSTANCE VALUES('uuid:8b4c4b43-72fa-4a65-85b8-830c5919e76d','instances\u005cuuid8b4c4b43-72fa-4a65-85b8-830c5919e76d')
COMMIT
DISCONNECT
/*C6*/INSERT INTO RECORDED_INSTANCE VALUES('uuid:56308efe-90e8-4816-9066-35702a0248a5','instances\u005cuuid56308efe-90e8-4816-9066-35702a0248a5')
COMMIT
INSERT INTO RECORDED_INSTANCE VALUES('uuid:233a4a65-70db-4f13-88f7-f54fedb5ed00','instances\u005cuuid233a4a65-70db-4f13-88f7-f54fedb5ed00')
COMMIT
INSERT INTO RECORDED_INSTANCE VALUES('uuid:b6b9e858-0d67-4b9f-8d98-508f532223cb','instances\u005cuuidb6b9e858-0d67-4b9f-8d98-508f532223cb')
COMMIT
INSERT INTO RECORDED_INSTANCE VALUES('uuid:559168c5-c2f8-474c-ab35-309b2569daaf','instances\u005cuuid559168c5-c2f8-474c-ab35-309b2569daaf')
COMMIT
INSERT INTO RECORDED_INSTANCE VALUES('uuid:80b6daba-b28a-4131-83c7-e0e6605c85b3','instances\u005cuuid80b6daba-b28a-4131-83c7-e0e6605c85b3')
COMMIT
INSERT INTO RECORDED_INSTANCE VALUES('uuid:b255c169-c459-4696-8c46-3f917debbe53','instances\u005cuuidb255c169-c459-4696-8c46-3f917debbe53')
COMMIT
INSERT INTO RECORDED_INSTANCE VALUES('uuid:41e50a04-3d30-4e1c-aa05-29c575e5adc0','instances\u005cuuid41e50a04-3d30-4e1c-aa05-29c575e5adc0')
COMMIT
INSERT INTO RECORDED_INSTANCE VALUES('uuid:9d9349ba-3509-45ba-8060-531f52080761','instances\u005cuuid9d9349ba-3509-45ba-8060-531f52080761')
COMMIT
INSERT INTO RECORDED_INSTANCE VALUES('uuid:1309aca8-efd8-472a-a72a-223da12bacfa','instances\u005cuuid1309aca8-efd8-472a-a72a-223da12bacfa')
COMMIT
INSERT INTO RECORDED_INSTANCE VALUES('uuid:3bf0414f-6213-4416-bb43-3d5b6461542f','instances\u005cuuid3bf0414f-6213-4416-bb43-3d5b6461542f')
COMMIT
INSERT INTO RECORDED_INSTANCE VALUES('uuid:83e7bd6d-82dd-41b8-87ed-d03e5e5d0377','instances\u005cuuid83e7bd6d-82dd-41b8-87ed-d03e5e5d0377')
COMMIT
INSERT INTO RECORDED_INSTANCE VALUES('uuid:8786e315-58ca-4bf4-88c8-fa8870c00728','instances\u005cuuid8786e315-58ca-4bf4-88c8-fa8870c00728')
COMMIT
INSERT INTO RECORDED_INSTANCE VALUES('uuid:3859ae2d-ecff-4083-bde9-74bcf038420e','instances\u005cuuid3859ae2d-ecff-4083-bde9-74bcf038420e')
COMMIT
INSERT INTO RECORDED_INSTANCE VALUES('uuid:89a98a21-0bc2-450f-b5c4-500e00b345ea','instances\u005cuuid89a98a21-0bc2-450f-b5c4-500e00b345ea')
COMMIT
INSERT INTO RECORDED_INSTANCE VALUES('uuid:9115b76a-303c-4f34-bcb1-30e8d93337fa','instances\u005cuuid9115b76a-303c-4f34-bcb1-30e8d93337fa')
COMMIT
INSERT INTO RECORDED_INSTANCE VALUES('uuid:e5d6d750-e5a4-4bb3-bb70-71fbbfb64e74','instances\u005cuuide5d6d750-e5a4-4bb3-bb70-71fbbfb64e74')
COMMIT
INSERT INTO RECORDED_INSTANCE VALUES('uuid:a75d4e66-ac27-4fd3-a7f0-ee1a68a5dc06','instances\u005cuuida75d4e66-ac27-4fd3-a7f0-ee1a68a5dc06')
COMMIT
INSERT INTO RECORDED_INSTANCE VALUES('uuid:82a5c572-6855-4aaf-983c-cff1f2a12151','instances\u005cuuid82a5c572-6855-4aaf-983c-cff1f2a12151')
COMMIT
INSERT INTO RECORDED_INSTANCE VALUES('uuid:c8ca1bc9-cca5-46ca-b002-e60f9a84f56a','instances\u005cuuidc8ca1bc9-cca5-46ca-b002-e60f9a84f56a')
COMMIT
INSERT INTO RECORDED_INSTANCE VALUES('uuid:d0b06703-725b-496b-81e9-e957d981e116','instances\u005cuuidd0b06703-725b-496b-81e9-e957d981e116')
COMMIT
INSERT INTO RECORDED_INSTANCE VALUES('uuid:f5e918e7-49c6-4118-956a-2a2b340ac0b9','instances\u005cuuidf5e918e7-49c6-4118-956a-2a2b340ac0b9')
COMMIT
INSERT INTO RECORDED_INSTANCE VALUES('uuid:223b3808-7e01-491a-b5f0-1190c5c37bbe','instances\u005cuuid223b3808-7e01-491a-b5f0-1190c5c37bbe')
COMMIT
INSERT INTO RECORDED_INSTANCE VALUES('uuid:94d2fc2e-3291-4587-aeec-82a55f28a12c','instances\u005cuuid94d2fc2e-3291-4587-aeec-82a55f28a12c')
COMMIT
INSERT INTO RECORDED_INSTANCE VALUES('uuid:bb2f5caa-b0ab-494c-97c2-fcc9123b9727','instances\u005cuuidbb2f5caa-b0ab-494c-97c2-fcc9123b9727')
COMMIT
INSERT INTO RECORDED_INSTANCE VALUES('uuid:2ac0a1b5-91ac-4885-b34c-2477f7740d4b','instances\u005cuuid2ac0a1b5-91ac-4885-b34c-2477f7740d4b')
COMMIT
INSERT INTO RECORDED_INSTANCE VALUES('uuid:c58e1528-13d4-4cb5-b5cd-3c9c54ed6bb5','instances\u005cuuidc58e1528-13d4-4cb5-b5cd-3c9c54ed6bb5')
COMMIT
INSERT INTO RECORDED_INSTANCE VALUES('uuid:63c33aba-d78a-4148-b43f-7ff630f6d70e','instances\u005cuuid63c33aba-d78a-4148-b43f-7ff630f6d70e')
COMMIT
INSERT INTO RECORDED_INSTANCE VALUES('uuid:1611bc38-f8aa-4225-8f54-d44c892c9e19','instances\u005cuuid1611bc38-f8aa-4225-8f54-d44c892c9e19')
COMMIT
DISCONNECT
